[debug] [2022-03-30T11:59:56.414Z] ----------------------------------------------------------------------
[debug] [2022-03-30T11:59:56.415Z] Command:       /usr/local/bin/node /opt/homebrew/bin/firebase deploy
[debug] [2022-03-30T11:59:56.415Z] CLI Version:   10.4.0
[debug] [2022-03-30T11:59:56.415Z] Platform:      darwin
[debug] [2022-03-30T11:59:56.415Z] Node Version:  v16.14.0
[debug] [2022-03-30T11:59:56.416Z] Time:          Wed Mar 30 2022 13:59:56 GMT+0200 (Central European Summer Time)
[debug] [2022-03-30T11:59:56.416Z] ----------------------------------------------------------------------
[debug] 
[debug] [2022-03-30T11:59:56.444Z] > command requires scopes: ["email","openid","https://www.googleapis.com/auth/cloudplatformprojects.readonly","https://www.googleapis.com/auth/firebase","https://www.googleapis.com/auth/cloud-platform"]
[debug] [2022-03-30T11:59:56.445Z] > authorizing via signed-in user (nickvanzo307@gmail.com)
[debug] [2022-03-30T11:59:56.445Z] [iam] checking project dangermonsters for permissions ["firebase.projects.get","firebasehosting.sites.update"]
[debug] [2022-03-30T11:59:56.445Z] >>> [apiv2][query] POST https://cloudresourcemanager.googleapis.com/v1/projects/dangermonsters:testIamPermissions [none]
[debug] [2022-03-30T11:59:56.446Z] >>> [apiv2][body] POST https://cloudresourcemanager.googleapis.com/v1/projects/dangermonsters:testIamPermissions {"permissions":["firebase.projects.get","firebasehosting.sites.update"]}
[debug] [2022-03-30T11:59:57.364Z] <<< [apiv2][status] POST https://cloudresourcemanager.googleapis.com/v1/projects/dangermonsters:testIamPermissions 200
[debug] [2022-03-30T11:59:57.365Z] <<< [apiv2][body] POST https://cloudresourcemanager.googleapis.com/v1/projects/dangermonsters:testIamPermissions {"permissions":["firebase.projects.get","firebasehosting.sites.update"]}
[debug] [2022-03-30T11:59:57.366Z] >>> [apiv2][query] GET https://firebase.googleapis.com/v1beta1/projects/dangermonsters [none]
[debug] [2022-03-30T11:59:57.815Z] <<< [apiv2][status] GET https://firebase.googleapis.com/v1beta1/projects/dangermonsters 200
[debug] [2022-03-30T11:59:57.815Z] <<< [apiv2][body] GET https://firebase.googleapis.com/v1beta1/projects/dangermonsters {"projectId":"dangermonsters","projectNumber":"225711789365","displayName":"DangerMonsters","name":"projects/dangermonsters","resources":{"hostingSite":"dangermonsters","storageBucket":"dangermonsters.appspot.com","locationId":"europe-west"},"state":"ACTIVE"}
[info] 
[info] === Deploying to 'dangermonsters'...
[info] 
[info] i  deploying hosting 
[debug] [2022-03-30T11:59:57.817Z] >>> [apiv2][query] GET https://firebase.googleapis.com/v1beta1/projects/dangermonsters [none]
[debug] [2022-03-30T11:59:58.206Z] <<< [apiv2][status] GET https://firebase.googleapis.com/v1beta1/projects/dangermonsters 200
[debug] [2022-03-30T11:59:58.207Z] <<< [apiv2][body] GET https://firebase.googleapis.com/v1beta1/projects/dangermonsters {"projectId":"dangermonsters","projectNumber":"225711789365","displayName":"DangerMonsters","name":"projects/dangermonsters","resources":{"hostingSite":"dangermonsters","storageBucket":"dangermonsters.appspot.com","locationId":"europe-west"},"state":"ACTIVE"}
[debug] [2022-03-30T11:59:58.209Z] >>> [apiv2][query] POST https://firebasehosting.googleapis.com/v1beta1/projects/225711789365/sites/dangermonsters/versions [none]
[debug] [2022-03-30T11:59:58.209Z] >>> [apiv2][body] POST https://firebasehosting.googleapis.com/v1beta1/projects/225711789365/sites/dangermonsters/versions {"config":{"rewrites":[{"glob":"**","path":"/index.html"}]},"labels":{"deployment-tool":"cli-firebase"}}
[debug] [2022-03-30T11:59:59.498Z] <<< [apiv2][status] POST https://firebasehosting.googleapis.com/v1beta1/projects/225711789365/sites/dangermonsters/versions 200
[debug] [2022-03-30T11:59:59.498Z] <<< [apiv2][body] POST https://firebasehosting.googleapis.com/v1beta1/projects/225711789365/sites/dangermonsters/versions {"name":"projects/225711789365/sites/dangermonsters/versions/7e9953fd7835db03","status":"CREATED","config":{"rewrites":[{"glob":"**","path":"/index.html"}]},"labels":{"deployment-tool":"cli-firebase"}}
[info] i  hosting[dangermonsters]: beginning deploy... 
[info] i  hosting[dangermonsters]: found 36 files in build 
[debug] [2022-03-30T12:00:00.401Z] [hosting] hash cache [YnVpbGQ] stored for 36 files
[debug] [2022-03-30T12:00:00.401Z] [hosting][hash queue][FINAL] {"max":879,"min":7,"avg":52.80555555555556,"active":0,"complete":36,"success":36,"errored":0,"retried":0,"total":36,"elapsed":882}
[debug] [2022-03-30T12:00:00.401Z] >>> [apiv2][query] POST https://firebasehosting.googleapis.com/v1beta1/projects/225711789365/sites/dangermonsters/versions/7e9953fd7835db03:populateFiles [none]
[debug] [2022-03-30T12:00:00.401Z] >>> [apiv2][body] POST https://firebasehosting.googleapis.com/v1beta1/projects/225711789365/sites/dangermonsters/versions/7e9953fd7835db03:populateFiles {"files":{"/asset-manifest.json":"1fa951b278826aa0a2ab9a3a708f0f65a0b5c20acdd659757d270eec974f5382","/index.html":"b635398092ddcc57c856a7d3114df1c7ec81dc169b3a6ef7a5d48778975b459c","/robots.txt":"391d14b3c2f8c9143a27a28c7399585142228d4d1bdbe2c87ac946de411fa9a2","/manifest.json":"341d52628782f8ac9290bbfc43298afccb47b7cbfcee146ae30cf0f46bc30900","/static/css/main.9ad95f46.css.map":"b913e1260899ef73c0e53f4c1f196ac3d20b858af75fc90ed1ddeea1c41779f8","/static/css/main.9ad95f46.css":"281655b60e76a2afc635f0091a82de668a2c33647a5bc69f6406a7cdd7d7384e","/static/js/main.6360399e.js.LICENSE.txt":"2fd3954ff98197734c4ba7bb97865e560779a70c53375da0c386649062b70057","/images/metamask-fox.svg":"6a196e85d63f53f03a95f5bd62b37bb99c826ff12423ba9c9d3c7d8438476c52","/images/opensea.svg":"95fc361d7545cd2f0afc38d6dbc6985b28bd841c88b3045d13e2baa74e74a222","/test/README.md":"5a11b097ae15232586b687e02f9a6134527f46b02b5449c7fe24c4615b7fb688","/test/index.html":"0398f0e7e5f4e44b526316729af3c4bebabb10855c21795dbe6aa2a913e46c0d","/test/LICENSE":"a5bb72af91f5b3ecc62d1eff0efda37cf93d88991cbf7eb70787d94941bc0b6f","/test/TemplateData/fullscreen-button.png":"881a75b8489fb7a1179e0960b19130a3461abac32769c987ad2650708a796bce","/test/TemplateData/progress-bar-full-dark.png":"70ed60f354a9e5a87add916790259fab73360c31118f20ad15d21b33daec891b","/test/network.js":"68f32fac576ae80f3621b22c3ecd5a93f6e3b6bf0a00c4e98bc347ef2bfccbd7","/test/TemplateData/progress-bar-empty-dark.png":"bfc028858f13535caf8f1cb35c7b32267ba60ba2c1d15de0cf93a405b7382735","/test/TemplateData/style.css":"c58e2a31f5c95cd105707bb73b9b677475514d28c278f079a35034bba491286c","/test/TemplateData/progress-bar-full-light.png":"f00f9a2f2b726c1245eba22675ee1cf4ef72d6e3985b4d3557ec62ac121fb898","/test/TemplateData/progress-bar-empty-light.png":"a29d74bc70eb2b34316bdeeabb07a7f388da3f17e84a9c00bace1a0c148638fc","/test/TemplateData/unity-logo-dark.png":"8c1ed1d2ec13aad56f810bb2797ba78be17b89396770855386a5d1d5f1eabd46","/test/TemplateData/unity-logo-light.png":"6094063a7582dcb4856c52ffd36ac88b2f06fc7a3c1cf70bbad098c57f1eab26","/test/web3/index.js":"cfe898974620a610fb705b66423a3d30bf83451a3a92949737d7d86c71a82f2c","/test/TemplateData/webgl-logo.png":"14be7d6dbbb54476f6b07baf7c835fd9685780f7064d85e7ce7c3826282d9dd5","/test/TemplateData/favicon.ico":"375f9df1981c0e2e0ab8a2ca4bd2f32286ebb5d41ed4c008e520cb9dba0a6dc3","/static/media/ChicagoFLF.cacc40068a3f040ad27a.ttf":"858a99bda2701de91b6576eceacb2e4e09b1bb5baa7720079fe7dbee48506935","/images/7.jpeg":"ee9b9ceec0eef0ca3767f232e71e9974150ccae8934a0fdc02c9da9a1f678a44","/images/6.jpeg":"f4e80419f41061f2d662d44dff90221bc0ec637ffee485ed5fb891416a7050f9","/images/5.jpeg":"ba1496131e1fcf586c09e676d66ad268a70cf8eeeac6bf4d880b7156c1cf0dca","/test/web3/lib/web3modal.js":"3ec707a3980c76a49cce47f57e8a82c483a13767ecbeee2dbf732cfb1b8c51da","/images/4.jpeg":"d1775088d5da5cada75332393c28bd2fa8836f3ac54bf71db66b61f842997c83","/images/3.jpeg":"71b88a4e8d0e53ed01ac182f9975d0856fdd4b05fc50ed088cb740304f36c09a","/test/web3/lib/web3.min.js":"f89f84ca09d98b92ac465d367d85f724ae1d532a457a8c168c9dd7268c5ec6b9","/images/2.jpeg":"0b92585aa3875bb518499e2476b5775ddde90cc855fb5afc26a6839dc97158af","/static/js/main.6360399e.js":"64ad9e486ed96d141ddc58a013b1596bd57e9a75056d4aa9dd560cb715e42edb","/images/1.jpeg":"c6b813f045345d8cb6fe8446d3e0a93ebdd570fb2755f678a7fa740f21944ee8","/static/js/main.6360399e.js.map":"77ca2562324ea94b687036691133e44c8081d3240a60f96a00925f3fc6366920"}}
[debug] [2022-03-30T12:00:01.694Z] <<< [apiv2][status] POST https://firebasehosting.googleapis.com/v1beta1/projects/225711789365/sites/dangermonsters/versions/7e9953fd7835db03:populateFiles 200
[debug] [2022-03-30T12:00:01.694Z] <<< [apiv2][body] POST https://firebasehosting.googleapis.com/v1beta1/projects/225711789365/sites/dangermonsters/versions/7e9953fd7835db03:populateFiles {"uploadRequiredHashes":["77ca2562324ea94b687036691133e44c8081d3240a60f96a00925f3fc6366920","1fa951b278826aa0a2ab9a3a708f0f65a0b5c20acdd659757d270eec974f5382","64ad9e486ed96d141ddc58a013b1596bd57e9a75056d4aa9dd560cb715e42edb","b635398092ddcc57c856a7d3114df1c7ec81dc169b3a6ef7a5d48778975b459c"],"uploadUrl":"https://upload-firebasehosting.googleapis.com/upload/sites/dangermonsters/versions/7e9953fd7835db03/files"}
[debug] [2022-03-30T12:00:01.696Z] >>> [apiv2][query] POST https://upload-firebasehosting.googleapis.com/upload/sites/dangermonsters/versions/7e9953fd7835db03/files/77ca2562324ea94b687036691133e44c8081d3240a60f96a00925f3fc6366920 [none]
[debug] [2022-03-30T12:00:01.696Z] >>> [apiv2][body] POST https://upload-firebasehosting.googleapis.com/upload/sites/dangermonsters/versions/7e9953fd7835db03/files/77ca2562324ea94b687036691133e44c8081d3240a60f96a00925f3fc6366920 [stream]
[debug] [2022-03-30T12:00:01.699Z] >>> [apiv2][query] POST https://upload-firebasehosting.googleapis.com/upload/sites/dangermonsters/versions/7e9953fd7835db03/files/1fa951b278826aa0a2ab9a3a708f0f65a0b5c20acdd659757d270eec974f5382 [none]
[debug] [2022-03-30T12:00:01.699Z] >>> [apiv2][body] POST https://upload-firebasehosting.googleapis.com/upload/sites/dangermonsters/versions/7e9953fd7835db03/files/1fa951b278826aa0a2ab9a3a708f0f65a0b5c20acdd659757d270eec974f5382 [stream]
[debug] [2022-03-30T12:00:01.700Z] >>> [apiv2][query] POST https://upload-firebasehosting.googleapis.com/upload/sites/dangermonsters/versions/7e9953fd7835db03/files/64ad9e486ed96d141ddc58a013b1596bd57e9a75056d4aa9dd560cb715e42edb [none]
[debug] [2022-03-30T12:00:01.700Z] >>> [apiv2][body] POST https://upload-firebasehosting.googleapis.com/upload/sites/dangermonsters/versions/7e9953fd7835db03/files/64ad9e486ed96d141ddc58a013b1596bd57e9a75056d4aa9dd560cb715e42edb [stream]
[debug] [2022-03-30T12:00:01.701Z] >>> [apiv2][query] POST https://upload-firebasehosting.googleapis.com/upload/sites/dangermonsters/versions/7e9953fd7835db03/files/b635398092ddcc57c856a7d3114df1c7ec81dc169b3a6ef7a5d48778975b459c [none]
[debug] [2022-03-30T12:00:01.701Z] >>> [apiv2][body] POST https://upload-firebasehosting.googleapis.com/upload/sites/dangermonsters/versions/7e9953fd7835db03/files/b635398092ddcc57c856a7d3114df1c7ec81dc169b3a6ef7a5d48778975b459c [stream]
[debug] [2022-03-30T12:00:01.703Z] [hosting][populate queue][FINAL] {"max":1296,"min":1296,"avg":1296,"active":0,"complete":1,"success":1,"errored":0,"retried":0,"total":1,"elapsed":1303}
[debug] [2022-03-30T12:00:01.704Z] [hosting] uploads queued: 4
[debug] [2022-03-30T12:00:03.226Z] <<< [apiv2][status] POST https://upload-firebasehosting.googleapis.com/upload/sites/dangermonsters/versions/7e9953fd7835db03/files/b635398092ddcc57c856a7d3114df1c7ec81dc169b3a6ef7a5d48778975b459c 200
[debug] [2022-03-30T12:00:03.226Z] <<< [apiv2][body] POST https://upload-firebasehosting.googleapis.com/upload/sites/dangermonsters/versions/7e9953fd7835db03/files/b635398092ddcc57c856a7d3114df1c7ec81dc169b3a6ef7a5d48778975b459c [stream]
[debug] [2022-03-30T12:00:03.476Z] <<< [apiv2][status] POST https://upload-firebasehosting.googleapis.com/upload/sites/dangermonsters/versions/7e9953fd7835db03/files/1fa951b278826aa0a2ab9a3a708f0f65a0b5c20acdd659757d270eec974f5382 200
[debug] [2022-03-30T12:00:03.477Z] <<< [apiv2][body] POST https://upload-firebasehosting.googleapis.com/upload/sites/dangermonsters/versions/7e9953fd7835db03/files/1fa951b278826aa0a2ab9a3a708f0f65a0b5c20acdd659757d270eec974f5382 [stream]
[debug] [2022-03-30T12:00:11.875Z] <<< [apiv2][status] POST https://upload-firebasehosting.googleapis.com/upload/sites/dangermonsters/versions/7e9953fd7835db03/files/64ad9e486ed96d141ddc58a013b1596bd57e9a75056d4aa9dd560cb715e42edb 200
[debug] [2022-03-30T12:00:11.875Z] <<< [apiv2][body] POST https://upload-firebasehosting.googleapis.com/upload/sites/dangermonsters/versions/7e9953fd7835db03/files/64ad9e486ed96d141ddc58a013b1596bd57e9a75056d4aa9dd560cb715e42edb [stream]
